<?xml version="1.0" encoding="UTF-8"?>
<testsuite name="configuration.DatasourceTest" tests="1" skipped="0" failures="0" errors="0" timestamp="2023-07-04T11:00:35" hostname="DESKTOP-5GVEEOI" time="1.191">
  <properties/>
  <testcase name="openSession()" classname="configuration.DatasourceTest" time="1.191"/>
  <system-out><![CDATA[2023-07-04 14:00:36 database: opening D:/JavaGoIt/JavaDev/Ex10/mydb (build 214)
2023-07-04 14:00:36 lock: 1 exclusive requesting for SYS 
2023-07-04 14:00:36 lock: 1 exclusive added for SYS 
2023-07-04 14:00:36 lock: 1 exclusive unlock SYS 
2023-07-04 14:00:36 lock: 1 exclusive requesting for SYS 
2023-07-04 14:00:36 lock: 1 exclusive added for SYS 
2023-07-04 14:00:36 lock: 1 exclusive unlock SYS 
2023-07-04 14:00:36 database: opened D:/JavaGoIt/JavaDev/Ex10/mydb
2023-07-04 14:00:36 lock: 1 exclusive requesting for SYS 
2023-07-04 14:00:36 lock: 1 exclusive added for SYS 
2023-07-04 14:00:36 lock: 1 exclusive unlock SYS 
2023-07-04 14:00:36 database: connecting session #3 to D:/JavaGoIt/JavaDev/Ex10/mydb
2023-07-04 14:00:36 jdbc[3]: 
/*SQL */SET AUTOCOMMIT true;
2023-07-04 14:00:36 jdbc[3]: 
/*SQL */SET TRACE_LEVEL_SYSTEM_OUT 3;
2023-07-04 14:00:36 jdbc[3]: 
/**/Connection conn0 = DriverManager.getConnection("jdbc:h2:./mydb;TRACE_LEVEL_SYSTEM_OUT=3", "\"ADMIN\"", "");
2023-07-04 14:00:36 jdbc[3]: 
/**/conn0.getAutoCommit();
2023-07-04 14:00:36 jdbc[3]: 
/**/conn0.setAutoCommit(true);
2023-07-04 14:00:36 jdbc[3]: 
/**/DatabaseMetaData dbMeta0 = conn0.getMetaData();
2023-07-04 14:00:36 jdbc[3]: 
/**/DatabaseMetaData dbMeta1 = conn0.getMetaData();
2023-07-04 14:00:36 jdbc[3]: 
/**/dbMeta1.getDatabaseMajorVersion();
2023-07-04 14:00:36 jdbc[3]: 
/**/dbMeta1.getDatabaseMinorVersion();
2023-07-04 14:00:36 jdbc[3]: 
/**/dbMeta1.getDatabaseProductVersion();
2023-07-04 14:00:36 jdbc[3]: 
/**/dbMeta1.getSQLKeywords();
2023-07-04 14:00:36 jdbc[3]: 
/**/dbMeta0.supportsCatalogsInTableDefinitions();
2023-07-04 14:00:36 jdbc[3]: 
/**/dbMeta0.supportsSchemasInTableDefinitions();
2023-07-04 14:00:36 jdbc[3]: 
/**/dbMeta0.storesLowerCaseIdentifiers();
2023-07-04 14:00:36 jdbc[3]: 
/**/dbMeta0.storesUpperCaseIdentifiers();
2023-07-04 14:00:36 jdbc[3]: 
/**/dbMeta0.storesMixedCaseIdentifiers();
2023-07-04 14:00:36 jdbc[3]: 
/**/dbMeta0.storesUpperCaseIdentifiers();
2023-07-04 14:00:36 jdbc[3]: 
/**/dbMeta0.storesLowerCaseQuotedIdentifiers();
2023-07-04 14:00:36 jdbc[3]: 
/**/dbMeta0.storesUpperCaseQuotedIdentifiers();
2023-07-04 14:00:36 jdbc[3]: 
/**/dbMeta0.storesMixedCaseQuotedIdentifiers();
2023-07-04 14:00:36 jdbc[3]: 
/**/dbMeta0.getConnection();
2023-07-04 14:00:36 jdbc[3]: 
/**/conn0.getCatalog();
2023-07-04 14:00:36 jdbc[3]: 
/*SQL #:1*/CALL DATABASE();
2023-07-04 14:00:36 jdbc[3]: 
/**/dbMeta0.supportsNamedParameters();
2023-07-04 14:00:36 jdbc[3]: 
/**/dbMeta0.supportsResultSetType(1004);
2023-07-04 14:00:36 jdbc[3]: 
/**/dbMeta0.supportsGetGeneratedKeys();
2023-07-04 14:00:36 jdbc[3]: 
/**/dbMeta0.supportsBatchUpdates();
2023-07-04 14:00:36 jdbc[3]: 
/**/dbMeta0.dataDefinitionIgnoredInTransactions();
2023-07-04 14:00:36 jdbc[3]: 
/**/dbMeta0.dataDefinitionCausesTransactionCommit();
2023-07-04 14:00:36 jdbc[3]: 
/**/dbMeta0.getSQLStateType();
2023-07-04 14:00:36 jdbc[3]: 
/**/dbMeta0.getConnection();
2023-07-04 14:00:36 jdbc[3]: 
/**/conn0.getSchema();
2023-07-04 14:00:36 jdbc[3]: 
/**/conn0.getSchema();
2023-07-04 14:00:36 jdbc[3]: 
/**/dbMeta0.supportsNamedParameters();
2023-07-04 14:00:36 jdbc[3]: 
/**/dbMeta0.getCatalogSeparator();
2023-07-04 14:00:36 jdbc[3]: 
/**/dbMeta0.isCatalogAtStart();
2023-07-04 14:00:36 jdbc[3]: 
/**/dbMeta0.getConnection();
2023-07-04 14:00:36 jdbc[3]: 
/**/DatabaseMetaData dbMeta2 = conn0.getMetaData();
2023-07-04 14:00:36 jdbc[3]: 
/**/dbMeta2.getJDBCMajorVersion();
2023-07-04 14:00:36 jdbc[3]: 
/**/Clob clob0 = conn0.createClob();
2023-07-04 14:00:36 jdbc[3]: 
/**/clob0.free();
2023-07-04 14:00:36 jdbc[3]: 
/**/conn0.setAutoCommit(true);
2023-07-04 14:00:36 jdbc[3]: 
/**/conn0.clearWarnings();
]]></system-out>
  <system-err><![CDATA[июл. 04, 2023 2:00:35 PM org.hibernate.Version logVersion
INFO: HHH000412: Hibernate ORM core version 6.1.0.Final
июл. 04, 2023 2:00:35 PM org.hibernate.cfg.Environment <clinit>
INFO: HHH000205: Loaded properties from resource hibernate.properties: {hibernate.connection.driver_class=org.h2.Driver, hibernate.connection.user="admin", hibernate.dialect=org.hibernate.dialect.H2Dialect, hibernate.connection.password=****, hibernate.connection.url=jdbc:h2:./mydb;TRACE_LEVEL_SYSTEM_OUT=3, hibernate.bytecode.use_reflection_optimizer=false, hibernate.connection.pool_size=10, hibernate.connection.autocommit=true}
SLF4J: Failed to load class "org.slf4j.impl.StaticLoggerBinder".
SLF4J: Defaulting to no-operation (NOP) logger implementation
SLF4J: See http://www.slf4j.org/codes.html#StaticLoggerBinder for further details.
июл. 04, 2023 2:00:36 PM org.hibernate.engine.jdbc.connections.internal.DriverManagerConnectionProviderImpl configure
WARN: HHH10001002: Using built-in connection pool (not intended for production use)
июл. 04, 2023 2:00:36 PM org.hibernate.engine.jdbc.connections.internal.DriverManagerConnectionProviderImpl buildCreator
INFO: HHH10001005: Loaded JDBC driver class: org.h2.Driver
июл. 04, 2023 2:00:36 PM org.hibernate.engine.jdbc.connections.internal.DriverManagerConnectionProviderImpl buildCreator
INFO: HHH10001012: Connecting with JDBC URL [jdbc:h2:./mydb;TRACE_LEVEL_SYSTEM_OUT=3]
июл. 04, 2023 2:00:36 PM org.hibernate.engine.jdbc.connections.internal.DriverManagerConnectionProviderImpl buildCreator
INFO: HHH10001001: Connection properties: {password=****, autocommit=true, user="admin"}
июл. 04, 2023 2:00:36 PM org.hibernate.engine.jdbc.connections.internal.DriverManagerConnectionProviderImpl buildCreator
INFO: HHH10001003: Autocommit mode: true
июл. 04, 2023 2:00:36 PM org.hibernate.engine.jdbc.connections.internal.DriverManagerConnectionProviderImpl$PooledConnections <init>
INFO: HHH10001115: Connection pool size: 10 (min=1)
июл. 04, 2023 2:00:36 PM org.hibernate.engine.jdbc.dialect.internal.DialectFactoryImpl logSelectedDialect
INFO: HHH000400: Using dialect: org.hibernate.dialect.H2Dialect
июл. 04, 2023 2:00:37 PM org.hibernate.engine.transaction.jta.platform.internal.JtaPlatformInitiator initiateService
INFO: HHH000490: Using JtaPlatform implementation: [org.hibernate.engine.transaction.jta.platform.internal.NoJtaPlatform]
]]></system-err>
</testsuite>
